TN:
SF:components\auth\AuthGuard.tsx
FN:10,(anonymous_0)
FN:18,(anonymous_1)
FN:19,(anonymous_2)
FN:77,(anonymous_3)
FN:91,(anonymous_4)
FNF:5
FNH:4
FNDA:15,(anonymous_0)
FNDA:15,(anonymous_1)
FNDA:15,(anonymous_2)
FNDA:0,(anonymous_3)
FNDA:4,(anonymous_4)
DA:1,1
DA:2,1
DA:3,1
DA:10,1
DA:14,15
DA:15,15
DA:16,15
DA:18,15
DA:19,15
DA:20,15
DA:22,15
DA:24,15
DA:25,2
DA:26,2
DA:29,13
DA:30,3
DA:32,3
DA:33,3
DA:36,10
DA:39,10
DA:40,4
DA:41,4
DA:42,4
DA:46,6
DA:47,6
DA:52,6
DA:53,2
DA:54,2
DA:57,4
DA:58,0
DA:60,0
DA:61,0
DA:65,4
DA:67,4
DA:68,4
DA:70,4
DA:71,4
DA:72,4
DA:76,0
DA:77,0
DA:82,4
DA:83,0
DA:85,0
DA:86,0
DA:90,4
DA:91,4
DA:93,4
DA:94,2
DA:95,2
DA:96,2
DA:99,2
DA:101,2
DA:104,2
DA:105,0
DA:107,2
DA:111,2
DA:112,2
DA:114,15
DA:118,15
DA:122,15
DA:123,8
DA:137,7
DA:140,1
LF:63
LH:54
BRDA:12,0,0,9
BRDA:24,1,0,2
BRDA:29,2,0,3
BRDA:39,3,0,4
BRDA:52,4,0,2
BRDA:57,5,0,0
BRDA:57,6,0,4
BRDA:57,6,1,4
BRDA:68,7,0,4
BRDA:70,8,0,4
BRDA:70,8,1,0
BRDA:70,9,0,4
BRDA:70,9,1,4
BRDA:71,10,0,4
BRDA:71,11,0,4
BRDA:71,11,1,4
BRDA:71,11,2,4
BRDA:76,12,0,0
BRDA:82,13,0,0
BRDA:90,14,0,4
BRDA:90,14,1,4
BRDA:93,15,0,2
BRDA:104,16,0,0
BRDA:104,16,1,2
BRDA:122,17,0,8
BRDA:137,18,0,3
BRDA:137,18,1,4
BRF:27
BRH:22
end_of_record
TN:
SF:components\common\display\Card.tsx
FN:13,(anonymous_1)
FNF:1
FNH:1
FNDA:5,(anonymous_1)
DA:1,1
DA:13,1
DA:19,5
DA:33,1
LF:4
LH:4
BRDA:15,0,0,4
BRDA:16,1,0,4
BRDA:17,2,0,4
BRDA:23,3,0,4
BRDA:23,3,1,1
BRDA:24,4,0,4
BRDA:24,4,1,1
BRF:7
BRH:7
end_of_record
TN:
SF:components\common\display\LoadingSpinner.tsx
FN:14,(anonymous_1)
FNF:1
FNH:1
FNDA:7,(anonymous_1)
DA:1,1
DA:14,1
DA:20,7
DA:26,7
DA:53,1
LF:5
LH:5
BRDA:15,0,0,5
BRDA:16,1,0,6
BRDA:18,2,0,6
BRDA:48,3,0,7
BRDA:48,3,1,1
BRF:5
BRH:5
end_of_record
TN:
SF:components\common\display\PageHeader.tsx
FN:13,(anonymous_1)
FNF:1
FNH:1
FNDA:6,(anonymous_1)
DA:1,1
DA:13,1
DA:19,6
DA:32,1
LF:4
LH:4
BRDA:16,0,0,5
BRDA:24,1,0,6
BRDA:24,1,1,1
BRDA:26,2,0,6
BRDA:26,2,1,1
BRF:5
BRH:5
end_of_record
TN:
SF:components\common\display\StatusMessage.tsx
FN:18,(anonymous_1)
FN:25,(anonymous_2)
FN:39,(anonymous_3)
FNF:3
FNH:3
FNDA:13,(anonymous_1)
FNDA:13,(anonymous_2)
FNDA:12,(anonymous_3)
DA:1,1
DA:2,1
DA:18,1
DA:25,13
DA:26,13
DA:28,2
DA:30,2
DA:32,2
DA:35,7
DA:39,13
DA:40,12
DA:42,2
DA:44,2
DA:46,2
DA:49,6
DA:53,13
DA:75,1
LF:17
LH:17
BRDA:21,0,0,12
BRDA:22,1,0,12
BRDA:26,2,0,2
BRDA:26,2,1,2
BRDA:26,2,2,2
BRDA:26,2,3,7
BRDA:26,2,4,7
BRDA:40,3,0,2
BRDA:40,3,1,2
BRDA:40,3,2,2
BRDA:40,3,3,6
BRDA:40,3,4,6
BRDA:55,4,0,13
BRDA:55,4,1,12
BRDA:61,5,0,13
BRDA:61,5,1,2
BRF:16
BRH:16
end_of_record
TN:
SF:components\common\form\FormField.tsx
FN:17,(anonymous_1)
FNF:1
FNH:1
FNDA:8,(anonymous_1)
DA:1,1
DA:17,1
DA:26,8
DA:41,1
LF:4
LH:4
BRDA:21,0,0,6
BRDA:24,1,0,7
BRDA:28,2,0,8
BRDA:28,2,1,3
BRDA:31,3,0,3
BRDA:31,3,1,1
BRDA:35,4,0,8
BRDA:35,4,1,1
BRDA:36,5,0,8
BRDA:36,5,1,1
BRF:10
BRH:10
end_of_record
TN:
SF:components\layout\Footer.tsx
FN:8,(anonymous_1)
FNF:1
FNH:1
FNDA:8,(anonymous_1)
DA:1,1
DA:2,1
DA:8,1
DA:9,8
DA:75,1
LF:5
LH:5
BRDA:8,0,0,7
BRF:1
BRH:1
end_of_record
TN:
SF:components\layout\NavBar.tsx
FN:12,(anonymous_10)
FN:18,(anonymous_11)
FN:19,(anonymous_12)
FN:26,(anonymous_13)
FN:31,(anonymous_14)
FN:35,(anonymous_15)
FN:49,(anonymous_16)
FNF:7
FNH:5
FNDA:17,(anonymous_10)
FNDA:9,(anonymous_11)
FNDA:0,(anonymous_12)
FNDA:9,(anonymous_13)
FNDA:8,(anonymous_14)
FNDA:1,(anonymous_15)
FNDA:0,(anonymous_16)
DA:1,1
DA:2,1
DA:3,1
DA:4,1
DA:5,1
DA:12,1
DA:13,17
DA:14,17
DA:15,17
DA:18,17
DA:19,9
DA:20,0
DA:21,0
DA:25,9
DA:26,9
DA:27,9
DA:31,17
DA:32,8
DA:35,17
DA:36,1
DA:37,1
DA:38,1
DA:39,0
DA:41,1
DA:42,1
DA:45,0
DA:49,17
DA:50,0
DA:53,17
DA:153,1
LF:30
LH:25
BRDA:12,0,0,5
BRDA:12,1,0,11
BRDA:20,2,0,0
BRDA:20,3,0,0
BRDA:20,3,1,0
BRDA:38,4,0,0
BRDA:38,4,1,1
BRDA:73,5,0,7
BRDA:73,5,1,10
BRDA:74,6,0,7
BRDA:74,6,1,10
BRDA:75,7,0,7
BRDA:75,7,1,10
BRDA:78,8,0,17
BRDA:78,8,1,7
BRDA:81,9,0,2
BRDA:81,9,1,5
BRDA:105,10,0,5
BRDA:105,10,1,1
BRDA:113,11,0,5
BRDA:113,11,1,1
BRDA:121,12,0,5
BRDA:121,12,1,1
BRF:23
BRH:19
end_of_record
TN:
SF:components\ui\Button.tsx
FN:25,(anonymous_1)
FNF:1
FNH:1
FNDA:14,(anonymous_1)
DA:1,1
DA:2,1
DA:25,1
DA:39,14
DA:46,14
DA:54,14
DA:86,1
LF:7
LH:7
BRDA:27,0,0,14
BRDA:28,1,0,10
BRDA:29,2,0,11
BRDA:31,3,0,13
BRDA:32,4,0,13
BRDA:33,5,0,13
BRDA:35,6,0,13
BRDA:60,7,0,1
BRDA:60,7,1,13
BRDA:61,8,0,1
BRDA:61,8,1,13
BRDA:69,9,0,14
BRDA:69,9,1,13
BRDA:71,10,0,1
BRDA:71,10,1,13
BRDA:74,11,0,1
BRDA:74,11,1,0
BRDA:78,12,0,13
BRDA:78,12,1,1
BRF:19
BRH:18
end_of_record
TN:
SF:components\ui\FileUpload.tsx
FN:21,(anonymous_10)
FN:35,(anonymous_11)
FN:40,(anonymous_12)
FN:48,(anonymous_13)
FN:75,(anonymous_14)
FN:78,(anonymous_15)
FN:79,(anonymous_16)
FN:80,(anonymous_17)
FN:83,(anonymous_18)
FN:92,(anonymous_19)
FN:138,(anonymous_20)
FN:155,(anonymous_21)
FN:161,(anonymous_22)
FN:161,(anonymous_23)
FN:179,(anonymous_24)
FN:185,(anonymous_25)
FN:191,(anonymous_26)
FN:199,(anonymous_27)
FN:208,(anonymous_28)
FN:214,(anonymous_29)
FN:287,(anonymous_30)
FN:299,(anonymous_31)
FNF:22
FNH:16
FNDA:21,(anonymous_10)
FNDA:5,(anonymous_11)
FNDA:5,(anonymous_12)
FNDA:5,(anonymous_13)
FNDA:5,(anonymous_14)
FNDA:1,(anonymous_15)
FNDA:1,(anonymous_16)
FNDA:1,(anonymous_17)
FNDA:1,(anonymous_18)
FNDA:3,(anonymous_19)
FNDA:2,(anonymous_20)
FNDA:0,(anonymous_21)
FNDA:1,(anonymous_22)
FNDA:1,(anonymous_23)
FNDA:0,(anonymous_24)
FNDA:0,(anonymous_25)
FNDA:0,(anonymous_26)
FNDA:0,(anonymous_27)
FNDA:0,(anonymous_28)
FNDA:4,(anonymous_29)
FNDA:7,(anonymous_30)
FNDA:1,(anonymous_31)
DA:1,1
DA:2,1
DA:3,1
DA:4,1
DA:21,1
DA:29,21
DA:30,21
DA:31,21
DA:32,21
DA:33,21
DA:35,21
DA:36,5
DA:37,5
DA:40,21
DA:41,5
DA:42,0
DA:45,5
DA:46,5
DA:48,5
DA:50,5
DA:51,1
DA:52,1
DA:56,4
DA:58,4
DA:65,5
DA:66,1
DA:70,4
DA:71,4
DA:75,5
DA:78,21
DA:79,1
DA:80,1
DA:83,1
DA:84,1
DA:85,1
DA:88,1
DA:92,21
DA:93,3
DA:94,3
DA:96,3
DA:97,1
DA:101,1
DA:104,2
DA:105,2
DA:106,2
DA:108,2
DA:109,2
DA:110,2
DA:111,2
DA:112,2
DA:114,2
DA:118,2
DA:119,1
DA:120,1
DA:123,1
DA:127,1
DA:129,1
DA:130,0
DA:131,0
DA:134,1
DA:138,2
DA:139,2
DA:143,2
DA:144,1
DA:148,1
DA:150,1
DA:155,1
DA:156,0
DA:157,0
DA:158,0
DA:161,1
DA:165,2
DA:166,1
DA:169,0
DA:174,2
DA:179,21
DA:180,0
DA:181,0
DA:182,0
DA:185,21
DA:186,0
DA:187,0
DA:188,0
DA:191,21
DA:192,0
DA:193,0
DA:194,0
DA:195,0
DA:199,21
DA:200,0
DA:201,0
DA:202,0
DA:204,0
DA:205,0
DA:208,21
DA:209,0
DA:210,0
DA:214,21
DA:215,4
DA:217,4
DA:219,1
DA:221,2
DA:224,1
DA:228,21
DA:288,7
DA:300,1
DA:301,1
DA:337,1
LF:108
LH:84
BRDA:24,0,0,20
BRDA:25,1,0,21
BRDA:26,2,0,19
BRDA:27,3,0,20
BRDA:41,4,0,0
BRDA:41,5,0,5
BRDA:41,5,1,5
BRDA:50,6,0,1
BRDA:65,7,0,1
BRDA:65,7,1,4
BRDA:70,8,0,4
BRDA:75,9,0,5
BRDA:75,9,1,0
BRDA:84,10,0,1
BRDA:96,11,0,1
BRDA:112,12,0,0
BRDA:112,12,1,2
BRDA:118,13,0,1
BRDA:127,14,0,0
BRDA:127,14,1,1
BRDA:127,15,0,1
BRDA:127,15,1,1
BRDA:129,16,0,0
BRDA:143,17,0,1
BRDA:143,17,1,1
BRDA:165,18,0,1
BRDA:165,19,0,2
BRDA:165,19,1,2
BRDA:194,20,0,0
BRDA:209,21,0,0
BRDA:215,22,0,0
BRDA:217,23,0,1
BRDA:217,23,1,2
BRDA:217,23,2,1
BRDA:217,23,3,1
BRDA:233,24,0,0
BRDA:233,24,1,21
BRDA:253,25,0,20
BRDA:253,25,1,1
BRDA:275,26,0,21
BRDA:275,26,1,4
BRDA:281,27,0,21
BRDA:281,27,1,7
BRDA:325,28,0,21
BRDA:325,28,1,7
BRDA:327,29,0,16
BRDA:327,29,1,5
BRDA:327,30,0,21
BRDA:327,30,1,7
BRF:49
BRH:40
end_of_record
TN:
SF:components\ui\FormInput.tsx
FN:28,(anonymous_1)
FNF:1
FNH:1
FNDA:13,(anonymous_1)
DA:1,1
DA:28,1
DA:48,13
DA:79,1
LF:4
LH:4
BRDA:32,0,0,9
BRDA:35,1,0,13
BRDA:36,2,0,12
BRDA:37,3,0,12
BRDA:38,4,0,12
BRDA:50,5,0,13
BRDA:50,5,1,2
BRDA:53,6,0,2
BRDA:53,6,1,1
BRDA:59,7,0,13
BRDA:59,7,1,13
BRDA:65,8,0,1
BRDA:65,8,1,12
BRDA:73,9,0,13
BRDA:73,9,1,1
BRDA:74,10,0,13
BRDA:74,10,1,1
BRF:17
BRH:17
end_of_record
TN:
SF:components\ui\Select.tsx
FN:23,(anonymous_1)
FN:56,(anonymous_2)
FNF:2
FNH:2
FNDA:12,(anonymous_1)
FNDA:36,(anonymous_2)
DA:1,1
DA:23,1
DA:37,12
DA:57,36
DA:68,1
LF:5
LH:5
BRDA:30,0,0,11
BRDA:31,1,0,11
BRDA:32,2,0,11
BRDA:39,3,0,12
BRDA:39,3,1,2
BRDA:42,4,0,2
BRDA:42,4,1,1
BRDA:47,5,0,12
BRDA:47,5,1,11
BRDA:52,6,0,1
BRDA:52,6,1,11
BRDA:53,7,0,12
BRDA:53,7,1,10
BRDA:55,8,0,12
BRDA:55,8,1,1
BRDA:62,9,0,12
BRDA:62,9,1,1
BRDA:63,10,0,12
BRDA:63,10,1,1
BRF:19
BRH:19
end_of_record
TN:
SF:components\ui\TextArea.tsx
FN:18,(anonymous_1)
FNF:1
FNH:1
FNDA:12,(anonymous_1)
DA:1,1
DA:18,1
DA:32,12
DA:57,1
LF:4
LH:4
BRDA:24,0,0,11
BRDA:25,1,0,11
BRDA:26,2,0,11
BRDA:27,3,0,11
BRDA:28,4,0,11
BRDA:34,5,0,12
BRDA:34,5,1,2
BRDA:37,6,0,2
BRDA:37,6,1,1
BRDA:42,7,0,12
BRDA:42,7,1,11
BRDA:49,8,0,1
BRDA:49,8,1,11
BRDA:51,9,0,12
BRDA:51,9,1,1
BRDA:52,10,0,12
BRDA:52,10,1,1
BRF:17
BRH:17
end_of_record
TN:
SF:utils\formValidation.ts
FN:12,(anonymous_0)
FN:32,(anonymous_1)
FN:98,(anonymous_2)
FN:118,(anonymous_3)
FN:137,(anonymous_4)
FN:162,(anonymous_5)
FNF:6
FNH:6
FNDA:11,(anonymous_0)
FNDA:14,(anonymous_1)
FNDA:2,(anonymous_2)
FNDA:3,(anonymous_3)
FNDA:7,(anonymous_4)
FNDA:7,(anonymous_5)
DA:12,1
DA:13,11
DA:14,1
DA:18,10
DA:19,10
DA:20,6
DA:23,4
DA:32,1
DA:48,14
DA:50,14
DA:51,1
DA:54,13
DA:55,3
DA:61,10
DA:62,1
DA:68,9
DA:69,1
DA:75,8
DA:76,1
DA:82,7
DA:83,1
DA:89,6
DA:98,1
DA:102,2
DA:103,1
DA:109,1
DA:118,1
DA:122,3
DA:123,2
DA:129,1
DA:137,1
DA:140,7
DA:141,1
DA:145,6
DA:147,6
DA:148,1
DA:154,5
DA:162,1
DA:164,7
DA:167,7
DA:168,4
DA:175,3
DA:178,1
LF:43
LH:43
BRDA:13,0,0,1
BRDA:19,1,0,6
BRDA:34,2,0,3
BRDA:43,3,0,11
BRDA:44,4,0,10
BRDA:45,5,0,10
BRDA:46,6,0,10
BRDA:47,7,0,10
BRDA:50,8,0,1
BRDA:54,9,0,3
BRDA:61,10,0,1
BRDA:61,11,0,10
BRDA:61,11,1,3
BRDA:68,12,0,1
BRDA:68,13,0,9
BRDA:68,13,1,3
BRDA:75,14,0,1
BRDA:75,15,0,8
BRDA:75,15,1,3
BRDA:82,16,0,1
BRDA:82,17,0,7
BRDA:82,17,1,3
BRDA:102,18,0,1
BRDA:122,19,0,2
BRDA:122,20,0,3
BRDA:122,20,1,2
BRDA:140,21,0,1
BRDA:147,22,0,1
BRDA:167,23,0,4
BRF:29
BRH:29
end_of_record
